[13:13:23] [ServerMain/INFO]: Environment: authHost='https://authserver.mojang.com', accountsHost='https://api.mojang.com', sessionHost='https://sessionserver.mojang.com', servicesHost='https://api.minecraftservices.com', name='PROD'
[13:13:26] [ServerMain/INFO]: Loaded 7 recipes
[13:13:26] [ServerMain/INFO]: Loaded 1271 advancements
[13:13:27] [Server thread/INFO]: Starting minecraft server version 1.20.1
[13:13:27] [Server thread/INFO]: Loading properties
[13:13:27] [Server thread/INFO]: Default game type: SURVIVAL
[13:13:27] [Server thread/INFO]: Generating keypair
[13:13:27] [Server thread/INFO]: Starting Minecraft server on *:25565
[13:13:27] [Server thread/INFO]: Using epoll channel type
[13:13:27] [Server thread/WARN]: **** SERVER IS RUNNING IN OFFLINE/INSECURE MODE!
[13:13:27] [Server thread/WARN]: The server will make no attempt to authenticate usernames. Beware.
[13:13:27] [Server thread/WARN]: While this makes the game possible to play without internet access, it also opens up the ability for hackers to connect with any username they choose.
[13:13:27] [Server thread/WARN]: To change this, set "online-mode" to "true" in the server.properties file.
[13:13:27] [Server thread/INFO]: Preparing level "world"
[13:13:39] [Server thread/INFO]: Preparing start region for dimension minecraft:overworld
[13:13:41] [Worker-Main-8/INFO]: Preparing spawn area: 0%
[13:13:41] [Worker-Main-8/INFO]: Preparing spawn area: 0%
[13:13:41] [Worker-Main-8/INFO]: Preparing spawn area: 0%
[13:13:41] [Worker-Main-8/INFO]: Preparing spawn area: 0%
[13:13:41] [Worker-Main-8/INFO]: Preparing spawn area: 0%
[13:13:41] [Worker-Main-8/INFO]: Preparing spawn area: 0%
[13:13:42] [Worker-Main-8/INFO]: Preparing spawn area: 0%
[13:13:42] [Worker-Main-8/INFO]: Preparing spawn area: 0%
[13:13:43] [Worker-Main-8/INFO]: Preparing spawn area: 0%
[13:13:43] [Worker-Main-8/INFO]: Preparing spawn area: 0%
[13:13:44] [Worker-Main-8/INFO]: Preparing spawn area: 0%
[13:13:44] [Worker-Main-8/INFO]: Preparing spawn area: 0%
[13:13:45] [Worker-Main-8/INFO]: Preparing spawn area: 0%
[13:13:45] [Worker-Main-8/INFO]: Preparing spawn area: 0%
[13:13:46] [Worker-Main-8/INFO]: Preparing spawn area: 0%
[13:13:46] [Worker-Main-8/INFO]: Preparing spawn area: 0%
[13:13:47] [Worker-Main-8/INFO]: Preparing spawn area: 0%
[13:13:47] [Worker-Main-8/INFO]: Preparing spawn area: 0%
[13:13:48] [Worker-Main-8/INFO]: Preparing spawn area: 0%
[13:13:48] [Worker-Main-8/INFO]: Preparing spawn area: 0%
[13:13:49] [Worker-Main-8/INFO]: Preparing spawn area: 0%
[13:13:49] [Worker-Main-8/INFO]: Preparing spawn area: 0%
[13:13:50] [Worker-Main-8/INFO]: Preparing spawn area: 0%
[13:13:50] [Worker-Main-8/INFO]: Preparing spawn area: 0%
[13:13:51] [Worker-Main-8/INFO]: Preparing spawn area: 0%
[13:13:51] [Worker-Main-8/INFO]: Preparing spawn area: 0%
[13:13:52] [Worker-Main-8/INFO]: Preparing spawn area: 0%
[13:13:52] [Worker-Main-8/INFO]: Preparing spawn area: 0%
[13:13:53] [Worker-Main-8/INFO]: Preparing spawn area: 0%
[13:13:53] [Worker-Main-8/INFO]: Preparing spawn area: 0%
[13:13:54] [Worker-Main-8/INFO]: Preparing spawn area: 0%
[13:13:54] [Worker-Main-8/INFO]: Preparing spawn area: 0%
[13:13:55] [Worker-Main-8/INFO]: Preparing spawn area: 0%
[13:13:55] [Worker-Main-8/INFO]: Preparing spawn area: 0%
[13:13:56] [Worker-Main-8/INFO]: Preparing spawn area: 0%
[13:13:56] [Worker-Main-8/INFO]: Preparing spawn area: 0%
[13:13:57] [Worker-Main-8/INFO]: Preparing spawn area: 0%
[13:13:57] [Worker-Main-8/INFO]: Preparing spawn area: 0%
[13:13:58] [Worker-Main-8/INFO]: Preparing spawn area: 0%
[13:13:58] [Worker-Main-8/INFO]: Preparing spawn area: 0%
[13:13:59] [Worker-Main-8/INFO]: Preparing spawn area: 0%
[13:13:59] [Worker-Main-8/INFO]: Preparing spawn area: 0%
[13:14:00] [Worker-Main-8/INFO]: Preparing spawn area: 0%
[13:14:00] [Worker-Main-8/INFO]: Preparing spawn area: 0%
[13:14:01] [Worker-Main-8/INFO]: Preparing spawn area: 0%
[13:14:01] [Worker-Main-8/INFO]: Preparing spawn area: 0%
[13:14:02] [Worker-Main-8/INFO]: Preparing spawn area: 0%
[13:14:02] [Worker-Main-8/INFO]: Preparing spawn area: 0%
[13:14:03] [Worker-Main-8/INFO]: Preparing spawn area: 0%
[13:14:03] [Worker-Main-8/INFO]: Preparing spawn area: 0%
[13:14:04] [Worker-Main-8/INFO]: Preparing spawn area: 0%
[13:14:04] [Worker-Main-8/INFO]: Preparing spawn area: 0%
[13:14:05] [Worker-Main-8/INFO]: Preparing spawn area: 0%
[13:14:05] [Worker-Main-8/INFO]: Preparing spawn area: 0%
[13:14:06] [Worker-Main-8/INFO]: Preparing spawn area: 0%
[13:14:06] [Worker-Main-8/INFO]: Preparing spawn area: 0%
[13:14:07] [Worker-Main-8/INFO]: Preparing spawn area: 0%
[13:14:07] [Worker-Main-8/INFO]: Preparing spawn area: 0%
[13:14:08] [Worker-Main-8/INFO]: Preparing spawn area: 0%
[13:14:08] [Worker-Main-8/INFO]: Preparing spawn area: 0%
[13:14:09] [Worker-Main-8/INFO]: Preparing spawn area: 0%
[13:14:09] [Worker-Main-8/INFO]: Preparing spawn area: 0%
[13:14:10] [Worker-Main-8/INFO]: Preparing spawn area: 0%
[13:14:10] [Worker-Main-8/INFO]: Preparing spawn area: 0%
[13:14:11] [Worker-Main-8/INFO]: Preparing spawn area: 0%
[13:14:11] [Worker-Main-8/INFO]: Preparing spawn area: 0%
[13:14:12] [Worker-Main-8/INFO]: Preparing spawn area: 0%
[13:14:12] [Worker-Main-8/INFO]: Preparing spawn area: 0%
[13:14:13] [Worker-Main-8/INFO]: Preparing spawn area: 0%
[13:14:13] [Worker-Main-8/INFO]: Preparing spawn area: 0%
[13:14:14] [Worker-Main-8/INFO]: Preparing spawn area: 0%
[13:14:14] [Worker-Main-8/INFO]: Preparing spawn area: 0%
[13:14:15] [Worker-Main-8/INFO]: Preparing spawn area: 0%
[13:14:15] [Worker-Main-8/INFO]: Preparing spawn area: 0%
[13:14:16] [Worker-Main-8/INFO]: Preparing spawn area: 0%
[13:14:16] [Worker-Main-8/INFO]: Preparing spawn area: 0%
[13:14:17] [Worker-Main-8/INFO]: Preparing spawn area: 0%
[13:14:17] [Worker-Main-8/INFO]: Preparing spawn area: 0%
[13:14:18] [Worker-Main-8/INFO]: Preparing spawn area: 0%
[13:14:18] [Worker-Main-8/INFO]: Preparing spawn area: 0%
[13:14:19] [Worker-Main-8/INFO]: Preparing spawn area: 0%
[13:14:21] [Worker-Main-8/INFO]: Preparing spawn area: 0%
[13:14:21] [Worker-Main-8/INFO]: Preparing spawn area: 0%
[13:14:21] [Worker-Main-8/INFO]: Preparing spawn area: 0%
[13:14:21] [Worker-Main-8/INFO]: Preparing spawn area: 54%
[13:14:23] [Server thread/INFO]: Time elapsed: 44222 ms
[13:14:23] [Server thread/INFO]: Done (55.843s)! For help, type "help"
[13:21:45] [Server thread/INFO]: bau3002[/100.115.154.47:60954] logged in with entity id 395 at (1.5, 66.0, -4.5)
[13:21:45] [Server thread/INFO]: bau3002 joined the game
[13:22:37] [Server thread/INFO]: bau3002 lost connection: Disconnected
[13:22:37] [Server thread/INFO]: bau3002 left the game
[13:23:19] [Server thread/INFO]: Stopping the server
[13:23:19] [Server thread/INFO]: Stopping server
[13:23:19] [Server thread/INFO]: Saving players
[13:23:19] [Server thread/INFO]: Saving worlds
[13:23:20] [Server thread/INFO]: Saving chunks for level 'ServerLevel[world]'/minecraft:overworld
[13:23:23] [Server thread/INFO]: Saving chunks for level 'ServerLevel[world]'/minecraft:the_end
[13:23:23] [Server thread/INFO]: Saving chunks for level 'ServerLevel[world]'/minecraft:the_nether
[13:23:23] [Server thread/INFO]: ThreadedAnvilChunkStorage (world): All chunks are saved
[13:23:23] [Server thread/INFO]: ThreadedAnvilChunkStorage (DIM1): All chunks are saved
[13:23:23] [Server thread/INFO]: ThreadedAnvilChunkStorage (DIM-1): All chunks are saved
[13:23:23] [Server thread/INFO]: ThreadedAnvilChunkStorage: All dimensions are saved
